#
# A fatal error has been detected by the Java Runtime Environment:
#
#  EXCEPTION_ACCESS_VIOLATION (0xc0000005) at pc=0x00000000677f8f45, pid=8084, tid=7752
#
# JRE version: Java(TM) SE Runtime Environment (8.0_91-b15) (build 1.8.0_91-b15)
# Java VM: Java HotSpot(TM) 64-Bit Server VM (25.91-b15 mixed mode windows-amd64 compressed oops)
# Problematic frame:
# V  [jvm.dll+0x128f45]
#
# Failed to write core dump. Minidumps are not enabled by default on client versions of Windows
#
# If you would like to submit a bug report, please visit:
#   http://bugreport.java.com/bugreport/crash.jsp
#

---------------  T H R E A D  ---------------

Current thread (0x00000000588a9800):  JavaThread "JDWP Transport Listener: dt_socket" daemon [_thread_in_vm, id=7752, stack(0x00000000593f0000,0x00000000594f0000)]

siginfo: ExceptionCode=0xc0000005, reading address 0xffffffffffffffff

Registers:
RAX=0x00000000594ef201, RBX=0x00000000588a9800, RCX=0x003b747800003b79, RDX=0x0000000000000000
RSP=0x00000000594ef260, RBP=0x003b747800003b79, RSI=0x00000000594ef378, RDI=0x000000000248b190
R8 =0x00000000588a9800, R9 =0x000000000000ff00, R10=0x2f6176616a4c293b, R11=0x6e704ba700d2004b
R12=0x0000000000000000, R13=0x00000000588a0af8, R14=0x0000000000000000, R15=0x0000000000000000
RIP=0x00000000677f8f45, EFLAGS=0x0000000000010202

Top of Stack: (sp=0x00000000594ef260)
0x00000000594ef260:   00000000588a9800 000000005a0f2840
0x00000000594ef270:   00000000594ef328 00000000679ff32b
0x00000000594ef280:   00000000588a9800 0000000067a1bb8d
0x00000000594ef290:   0000000000000037 000000006d3a9155
0x00000000594ef2a0:   000000005dfeff08 000000006d3b291e
0x00000000594ef2b0:   00000000588a9800 0000000000000000
0x00000000594ef2c0:   0000000000000000 0000000000000000
0x00000000594ef2d0:   003b747800003b79 000000006d3b1a15
0x00000000594ef2e0:   00000000594ef378 00000000594ef350
0x00000000594ef2f0:   0000000000000001 000000005dfeff08
0x00000000594ef300:   003b747800003b79 000000006d3953b3
0x00000000594ef310:   00000000594ef440 0000000000000001
0x00000000594ef320:   0000000000000001 000000005dfeff08
0x00000000594ef330:   0000000000000001 0000000000000000
0x00000000594ef340:   0000000000000000 0000000000000000
0x00000000594ef350:   0000000000000001 000000006d395571 

Instructions: (pc=0x00000000677f8f45)
0x00000000677f8f25:   cc cc cc cc cc cc cc cc cc cc cc 48 83 ec 28 48
0x00000000677f8f35:   85 c9 75 07 33 c0 48 83 c4 28 c3 48 89 5c 24 20
0x00000000677f8f45:   48 8b 19 48 85 db 74 20 48 83 fb 37 74 1a 48 8b
0x00000000677f8f55:   13 48 8b cb ff 52 10 84 c0 74 0d 48 8b c3 48 8b 


Register to memory mapping:

RAX=0x00000000594ef201 is pointing into the stack for thread: 0x00000000588a9800
RBX=0x00000000588a9800 is a thread
RCX=0x003b747800003b79 is an unknown value
RDX=0x0000000000000000 is an unknown value
RSP=0x00000000594ef260 is pointing into the stack for thread: 0x00000000588a9800
RBP=0x003b747800003b79 is an unknown value
RSI=0x00000000594ef378 is pointing into the stack for thread: 0x00000000588a9800
RDI=0x000000000248b190 is an unknown value
R8 =0x00000000588a9800 is a thread
R9 =0x000000000000ff00 is an unknown value
R10=0x2f6176616a4c293b is an unknown value
R11=0x6e704ba700d2004b is an unknown value
R12=0x0000000000000000 is an unknown value
R13=0x00000000588a0af8 is an unknown value
R14=0x0000000000000000 is an unknown value
R15=0x0000000000000000 is an unknown value


Stack: [0x00000000593f0000,0x00000000594f0000],  sp=0x00000000594ef260,  free space=1020k
Native frames: (J=compiled Java code, j=interpreted, Vv=VM code, C=native code)
V  [jvm.dll+0x128f45]
V  [jvm.dll+0x34bb8d]
C  [jdwp.dll+0x21a15]
C  [jdwp.dll+0x53b3]
C  [jdwp.dll+0x5571]
C  [jdwp.dll+0xf0a8]
C  [jdwp.dll+0x1f2d5]
C  [jdwp.dll+0x1f4aa]
V  [jvm.dll+0x1bbf38]
V  [jvm.dll+0x243ae4]
V  [jvm.dll+0x29a99a]
C  [msvcr100.dll+0x21d9f]
C  [msvcr100.dll+0x21e3b]
C  [kernel32.dll+0x159cd]
C  [ntdll.dll+0x5385d]


---------------  P R O C E S S  ---------------

Java Threads: ( => current thread )
  0x000000005b795000 JavaThread "RMI TCP Connection(20)-127.0.0.1" daemon [_thread_in_native, id=6696, stack(0x00000000644f0000,0x00000000645f0000)]
  0x000000005b791800 JavaThread "RMI TCP Connection(idle)" daemon [_thread_blocked, id=2900, stack(0x00000000643e0000,0x00000000644e0000)]
  0x000000005b9a8000 JavaThread "HikariPool-1 housekeeper" daemon [_thread_blocked, id=7412, stack(0x0000000066c40000,0x0000000066d40000)]
  0x000000005b9a7800 JavaThread "lettuce-eventExecutorLoop-1-3" daemon [_thread_blocked, id=5304, stack(0x0000000066800000,0x0000000066900000)]
  0x000000005b9a6800 JavaThread "SimplePauseDetectorThread_2" daemon [_thread_blocked, id=6252, stack(0x00000000627b0000,0x00000000628b0000)]
  0x000000005b9a6000 JavaThread "SimplePauseDetectorThread_1" daemon [_thread_blocked, id=7808, stack(0x0000000063430000,0x0000000063530000)]
  0x000000005b9a5000 JavaThread "SimplePauseDetectorThread_0" daemon [_thread_blocked, id=7784, stack(0x0000000066600000,0x0000000066700000)]
  0x000000005b9a4800 JavaThread "Thread-13" daemon [_thread_blocked, id=4192, stack(0x00000000664e0000,0x00000000665e0000)]
  0x000000005b9a3800 JavaThread "lettuce-eventExecutorLoop-1-2" daemon [_thread_blocked, id=7244, stack(0x0000000066380000,0x0000000066480000)]
  0x000000005b9a2000 JavaThread "lettuce-nioEventLoop-4-1" daemon [_thread_in_native, id=6788, stack(0x0000000065200000,0x0000000065300000)]
  0x000000005b790800 JavaThread "DestroyJavaVM" [_thread_blocked, id=5652, stack(0x0000000002770000,0x0000000002870000)]
  0x000000005b790000 JavaThread "http-nio-8086-Acceptor-0" daemon [_thread_in_native, id=912, stack(0x0000000064060000,0x0000000064160000)]
  0x000000005b78f000 JavaThread "http-nio-8086-ClientPoller-1" daemon [_thread_in_native, id=7616, stack(0x0000000063f30000,0x0000000064030000)]
  0x000000005b78e800 JavaThread "http-nio-8086-ClientPoller-0" daemon [_thread_in_native, id=8076, stack(0x0000000063d90000,0x0000000063e90000)]
  0x000000005bbe7800 JavaThread "http-nio-8086-exec-10" daemon [_thread_blocked, id=5284, stack(0x0000000063b90000,0x0000000063c90000)]
  0x000000005bbe6800 JavaThread "http-nio-8086-exec-9" daemon [_thread_blocked, id=7140, stack(0x0000000063a60000,0x0000000063b60000)]
  0x000000005bbe6000 JavaThread "http-nio-8086-exec-8" daemon [_thread_blocked, id=7016, stack(0x0000000063890000,0x0000000063990000)]
  0x000000005bbe5000 JavaThread "http-nio-8086-exec-7" daemon [_thread_blocked, id=5880, stack(0x0000000063760000,0x0000000063860000)]
  0x000000005bbe4800 JavaThread "http-nio-8086-exec-6" daemon [_thread_blocked, id=5136, stack(0x0000000063570000,0x0000000063670000)]
  0x000000005bbe3800 JavaThread "http-nio-8086-exec-5" daemon [_thread_blocked, id=4032, stack(0x0000000063150000,0x0000000063250000)]
  0x000000005bbe3000 JavaThread "http-nio-8086-exec-4" daemon [_thread_blocked, id=7524, stack(0x00000000632d0000,0x00000000633d0000)]
  0x000000005bbe2000 JavaThread "http-nio-8086-exec-3" daemon [_thread_blocked, id=7288, stack(0x0000000063010000,0x0000000063110000)]
  0x000000005bbe1800 JavaThread "http-nio-8086-exec-2" daemon [_thread_blocked, id=7368, stack(0x0000000062ce0000,0x0000000062de0000)]
  0x000000005bbe0800 JavaThread "http-nio-8086-exec-1" daemon [_thread_blocked, id=5208, stack(0x0000000062e10000,0x0000000062f10000)]
  0x000000005a019000 JavaThread "NioBlockingSelector.BlockPoller-2" daemon [_thread_in_native, id=7840, stack(0x0000000061d80000,0x0000000061e80000)]
  0x000000005a018800 JavaThread "pool-1-thread-10" [_thread_blocked, id=3388, stack(0x00000000629b0000,0x0000000062ab0000)]
  0x000000005a017800 JavaThread "SimpleAsyncTaskExecutor-1" [_thread_blocked, id=7236, stack(0x0000000062b60000,0x0000000062c60000)]
  0x000000005a017000 JavaThread "pool-1-thread-9" [_thread_blocked, id=6736, stack(0x00000000628b0000,0x00000000629b0000)]
  0x000000005a016000 JavaThread "SimpleAsyncTaskExecutor-1" [_thread_blocked, id=7572, stack(0x0000000061870000,0x0000000061970000)]
  0x000000005a015800 JavaThread "pool-1-thread-8" [_thread_blocked, id=5280, stack(0x0000000062590000,0x0000000062690000)]
  0x000000005a014800 JavaThread "SimpleAsyncTaskExecutor-1" [_thread_blocked, id=4860, stack(0x00000000626b0000,0x00000000627b0000)]
  0x000000005a013800 JavaThread "pool-1-thread-7" [_thread_blocked, id=7948, stack(0x0000000062490000,0x0000000062590000)]
  0x000000005a013000 JavaThread "SimpleAsyncTaskExecutor-1" [_thread_blocked, id=7856, stack(0x00000000622b0000,0x00000000623b0000)]
  0x000000005a012000 JavaThread "pool-1-thread-6" [_thread_blocked, id=8112, stack(0x00000000620f0000,0x00000000621f0000)]
  0x000000005de3c800 JavaThread "SimpleAsyncTaskExecutor-1" [_thread_blocked, id=7488, stack(0x0000000061fb0000,0x00000000620b0000)]
  0x000000005de3b800 JavaThread "pool-1-thread-5" [_thread_blocked, id=4816, stack(0x000000005cb40000,0x000000005cc40000)]
  0x000000005de3b000 JavaThread "SimpleAsyncTaskExecutor-1" [_thread_blocked, id=7640, stack(0x0000000061e80000,0x0000000061f80000)]
  0x000000005de3a000 JavaThread "pool-1-thread-4" [_thread_blocked, id=7312, stack(0x0000000061c80000,0x0000000061d80000)]
  0x000000005de39800 JavaThread "SimpleAsyncTaskExecutor-1" [_thread_blocked, id=7852, stack(0x0000000061b40000,0x0000000061c40000)]
  0x000000005de38800 JavaThread "pool-1-thread-3" [_thread_blocked, id=7144, stack(0x0000000061970000,0x0000000061a70000)]
  0x000000005de38000 JavaThread "SimpleAsyncTaskExecutor-1" [_thread_blocked, id=3480, stack(0x0000000061770000,0x0000000061870000)]
  0x000000005de37000 JavaThread "pool-1-thread-2" [_thread_blocked, id=7740, stack(0x0000000061660000,0x0000000061760000)]
  0x000000005de36800 JavaThread "AMQP Connection 127.0.0.1:5672" [_thread_in_native, id=7920, stack(0x0000000061510000,0x0000000061610000)]
  0x000000005de35800 JavaThread "http-nio-8088-Acceptor-0" daemon [_thread_in_native, id=8152, stack(0x00000000613a0000,0x00000000614a0000)]
  0x000000005de18000 JavaThread "http-nio-8088-ClientPoller-1" daemon [_thread_in_native, id=6784, stack(0x0000000061120000,0x0000000061220000)]
  0x000000005de17000 JavaThread "http-nio-8088-ClientPoller-0" daemon [_thread_in_native, id=1876, stack(0x0000000061280000,0x0000000061380000)]
  0x000000005de16800 JavaThread "http-nio-8088-exec-10" daemon [_thread_blocked, id=6760, stack(0x0000000060fe0000,0x00000000610e0000)]
  0x000000005de15800 JavaThread "http-nio-8088-exec-9" daemon [_thread_blocked, id=8052, stack(0x0000000060970000,0x0000000060a70000)]
  0x000000005de15000 JavaThread "http-nio-8088-exec-8" daemon [_thread_blocked, id=7172, stack(0x0000000060e90000,0x0000000060f90000)]
  0x000000005de14000 JavaThread "http-nio-8088-exec-7" daemon [_thread_blocked, id=5332, stack(0x0000000060cf0000,0x0000000060df0000)]
  0x000000005de13800 JavaThread "http-nio-8088-exec-6" daemon [_thread_blocked, id=8036, stack(0x0000000060520000,0x0000000060620000)]
  0x000000005de12800 JavaThread "http-nio-8088-exec-5" daemon [_thread_blocked, id=1084, stack(0x0000000060ad0000,0x0000000060bd0000)]
  0x000000005de12000 JavaThread "http-nio-8088-exec-4" daemon [_thread_blocked, id=7220, stack(0x0000000060720000,0x0000000060820000)]
  0x000000005de11000 JavaThread "http-nio-8088-exec-3" daemon [_thread_blocked, id=8056, stack(0x0000000060850000,0x0000000060950000)]
  0x000000005d892800 JavaThread "http-nio-8088-exec-2" daemon [_thread_blocked, id=5676, stack(0x0000000060620000,0x0000000060720000)]
  0x000000005d891800 JavaThread "http-nio-8088-exec-1" daemon [_thread_blocked, id=8072, stack(0x000000005a810000,0x000000005a910000)]
  0x000000005d891000 JavaThread "NioBlockingSelector.BlockPoller-1" daemon [_thread_in_native, id=7696, stack(0x00000000600e0000,0x00000000601e0000)]
  0x000000005d890000 JavaThread "container-1" [_thread_blocked, id=6284, stack(0x0000000060200000,0x0000000060300000)]
  0x000000005d88f800 JavaThread "Catalina-utility-1" [_thread_blocked, id=6584, stack(0x000000005f710000,0x000000005f810000)]
  0x000000005d88e800 JavaThread "SimplePauseDetectorThread_0" daemon [_thread_blocked, id=7316, stack(0x000000005f9c0000,0x000000005fac0000)]
  0x000000005d88e000 JavaThread "Thread-4" daemon [_thread_blocked, id=7428, stack(0x000000005f880000,0x000000005f980000)]
  0x000000005d88d000 JavaThread "container-0" [_thread_blocked, id=5684, stack(0x000000005f1e0000,0x000000005f2e0000)]
  0x000000005d88c800 JavaThread "Catalina-utility-1" [_thread_blocked, id=7336, stack(0x000000005f000000,0x000000005f100000)]
  0x000000005d88b800 JavaThread "JMX server connection timeout 27" daemon [_thread_blocked, id=7660, stack(0x000000005edd0000,0x000000005eed0000)]
  0x000000005d889800 JavaThread "RMI TCP Connection(3)-127.0.0.1" daemon [_thread_in_native, id=7376, stack(0x000000005eed0000,0x000000005efd0000)]
  0x000000005d6a9800 JavaThread "lettuce-eventExecutorLoop-1-1" daemon [_thread_blocked, id=1212, stack(0x000000005e6c0000,0x000000005e7c0000)]
  0x000000005c213800 JavaThread "Abandoned connection cleanup thread" daemon [_thread_blocked, id=8080, stack(0x000000005af40000,0x000000005b040000)]
  0x000000005a30e800 JavaThread "JMX server connection timeout 20" daemon [_thread_blocked, id=4772, stack(0x000000005b070000,0x000000005b170000)]
  0x000000005a2e6800 JavaThread "RMI Scheduler(0)" daemon [_thread_blocked, id=5572, stack(0x000000005ac80000,0x000000005ad80000)]
  0x000000005a087800 JavaThread "RMI TCP Accept-0" daemon [_thread_in_native, id=3064, stack(0x000000005a700000,0x000000005a800000)]
  0x000000005a03c800 JavaThread "RMI TCP Accept-54167" daemon [_thread_in_native, id=7448, stack(0x000000005a4d0000,0x000000005a5d0000)]
  0x000000005a02e000 JavaThread "RMI TCP Accept-0" daemon [_thread_in_native, id=5644, stack(0x00000000592b0000,0x00000000593b0000)]
  0x00000000588ea800 JavaThread "Service Thread" daemon [_thread_blocked, id=7776, stack(0x0000000059b90000,0x0000000059c90000)]
  0x00000000588c6000 JavaThread "C1 CompilerThread2" daemon [_thread_blocked, id=6988, stack(0x0000000059800000,0x0000000059900000)]
  0x00000000588c0800 JavaThread "C2 CompilerThread1" daemon [_thread_blocked, id=5188, stack(0x0000000059a70000,0x0000000059b70000)]
  0x00000000588bd800 JavaThread "C2 CompilerThread0" daemon [_thread_blocked, id=908, stack(0x0000000059940000,0x0000000059a40000)]
  0x00000000588ae000 JavaThread "JDWP Command Reader" daemon [_thread_in_native, id=6588, stack(0x00000000596f0000,0x00000000597f0000)]
  0x00000000588ad000 JavaThread "JDWP Event Helper Thread" daemon [_thread_blocked, id=5312, stack(0x0000000059580000,0x0000000059680000)]
=>0x00000000588a9800 JavaThread "JDWP Transport Listener: dt_socket" daemon [_thread_in_vm, id=7752, stack(0x00000000593f0000,0x00000000594f0000)]
  0x000000005888a800 JavaThread "Attach Listener" daemon [_thread_blocked, id=4656, stack(0x0000000058e10000,0x0000000058f10000)]
  0x0000000058889800 JavaThread "Signal Dispatcher" daemon [_thread_blocked, id=1136, stack(0x0000000058ce0000,0x0000000058de0000)]
  0x0000000057504000 JavaThread "Finalizer" daemon [_thread_blocked, id=5268, stack(0x0000000058770000,0x0000000058870000)]
  0x00000000574bd000 JavaThread "Reference Handler" daemon [_thread_blocked, id=7900, stack(0x0000000058510000,0x0000000058610000)]

Other Threads:
  0x00000000574b1800 VMThread [stack: 0x0000000058410000,0x0000000058510000] [id=5660]
  0x000000005a092800 WatcherThread [stack: 0x000000005a5f0000,0x000000005a6f0000] [id=8004]

VM state:not at safepoint (normal execution)

VM Mutex/Monitor currently owned by a thread: None

Heap:
 PSYoungGen      total 262144K, used 109495K [0x00000000d5f80000, 0x00000000ea200000, 0x0000000100000000)
  eden space 238592K, 40% used [0x00000000d5f80000,0x00000000dbe2bf48,0x00000000e4880000)
  from space 23552K, 53% used [0x00000000e4880000,0x00000000e54c1e18,0x00000000e5f80000)
  to   space 23040K, 0% used [0x00000000e8b80000,0x00000000e8b80000,0x00000000ea200000)
 ParOldGen       total 141824K, used 34480K [0x0000000081e00000, 0x000000008a880000, 0x00000000d5f80000)
  object space 141824K, 24% used [0x0000000081e00000,0x0000000083fac1c8,0x000000008a880000)
 Metaspace       used 64559K, capacity 68128K, committed 68480K, reserved 1107968K
  class space    used 8613K, capacity 9222K, committed 9344K, reserved 1048576K

Card table byte_map: [0x0000000011c30000,0x0000000012030000] byte_map_base: 0x0000000011821000

Marking Bits: (ParMarkBitMap*) 0x0000000067ee2f70
 Begin Bits: [0x0000000012810000, 0x0000000014798000)
 End Bits:   [0x0000000014798000, 0x0000000016720000)

Polling page: 0x0000000000120000

CodeCache: size=245760Kb used=13781Kb max_used=13781Kb free=231979Kb
 bounds [0x0000000002870000, 0x00000000035f0000, 0x0000000011870000]
 total_blobs=7432 nmethods=6820 adapters=531
 compilation: enabled

Compilation events (10 events):
Event: 403.177 Thread 0x00000000588c6000 6959       1       sun.nio.cs.StreamEncoder::<init> (23 bytes)
Event: 403.177 Thread 0x00000000588c6000 nmethod 6959 0x00000000035e6ed0 code [0x00000000035e7040, 0x00000000035e7218]
Event: 403.177 Thread 0x00000000588c6000 6960       1       sun.nio.cs.StreamEncoder::<init> (61 bytes)
Event: 403.178 Thread 0x00000000588c6000 nmethod 6960 0x00000000035e7350 code [0x00000000035e74e0, 0x00000000035e78b8]
Event: 408.150 Thread 0x00000000588c6000 6961       1       sun.util.calendar.BaseCalendar$Date::<init> (32 bytes)
Event: 408.151 Thread 0x00000000588c6000 nmethod 6961 0x00000000035e7b10 code [0x00000000035e7c60, 0x00000000035e7db0]
Event: 408.151 Thread 0x00000000588c6000 6962       1       sun.util.calendar.CalendarDate::<init> (16 bytes)
Event: 408.151 Thread 0x00000000588c6000 nmethod 6962 0x00000000035e7e50 code [0x00000000035e7fa0, 0x00000000035e80d0]
Event: 408.165 Thread 0x00000000588c6000 6963       1       java.util.Collections$EmptyList::spliterator (4 bytes)
Event: 408.165 Thread 0x00000000588c6000 nmethod 6963 0x00000000035e8150 code [0x00000000035e82a0, 0x00000000035e83b0]

GC Heap History (10 events):
Event: 4.677 GC heap before
{Heap before GC invocations=12 (full 2):
 PSYoungGen      total 171520K, used 171198K [0x00000000d5f80000, 0x00000000e4300000, 0x0000000100000000)
  eden space 156160K, 100% used [0x00000000d5f80000,0x00000000df800000,0x00000000df800000)
  from space 15360K, 97% used [0x00000000df800000,0x00000000e06afad8,0x00000000e0700000)
  to   space 16896K, 0% used [0x00000000e3280000,0x00000000e3280000,0x00000000e4300000)
 ParOldGen       total 94720K, used 18810K [0x0000000081e00000, 0x0000000087a80000, 0x00000000d5f80000)
  object space 94720K, 19% used [0x0000000081e00000,0x000000008305ea10,0x0000000087a80000)
 Metaspace       used 48348K, capacity 50736K, committed 50944K, reserved 1093632K
  class space    used 6422K, capacity 6848K, committed 6912K, reserved 1048576K
Event: 4.692 GC heap after
Heap after GC invocations=12 (full 2):
 PSYoungGen      total 212992K, used 16870K [0x00000000d5f80000, 0x00000000e4700000, 0x0000000100000000)
  eden space 196096K, 0% used [0x00000000d5f80000,0x00000000d5f80000,0x00000000e1f00000)
  from space 16896K, 99% used [0x00000000e3280000,0x00000000e42f98f8,0x00000000e4300000)
  to   space 19968K, 0% used [0x00000000e1f00000,0x00000000e1f00000,0x00000000e3280000)
 ParOldGen       total 94720K, used 21440K [0x0000000081e00000, 0x0000000087a80000, 0x00000000d5f80000)
  object space 94720K, 22% used [0x0000000081e00000,0x00000000832f0340,0x0000000087a80000)
 Metaspace       used 48348K, capacity 50736K, committed 50944K, reserved 1093632K
  class space    used 6422K, capacity 6848K, committed 6912K, reserved 1048576K
}
Event: 6.360 GC heap before
{Heap before GC invocations=13 (full 2):
 PSYoungGen      total 212992K, used 212966K [0x00000000d5f80000, 0x00000000e4700000, 0x0000000100000000)
  eden space 196096K, 100% used [0x00000000d5f80000,0x00000000e1f00000,0x00000000e1f00000)
  from space 16896K, 99% used [0x00000000e3280000,0x00000000e42f98f8,0x00000000e4300000)
  to   space 19968K, 0% used [0x00000000e1f00000,0x00000000e1f00000,0x00000000e3280000)
 ParOldGen       total 94720K, used 21440K [0x0000000081e00000, 0x0000000087a80000, 0x00000000d5f80000)
  object space 94720K, 22% used [0x0000000081e00000,0x00000000832f0340,0x0000000087a80000)
 Metaspace       used 54053K, capacity 57064K, committed 57344K, reserved 1099776K
  class space    used 7322K, capacity 7885K, committed 7936K, reserved 1048576K
Event: 6.378 GC heap after
Heap after GC invocations=13 (full 2):
 PSYoungGen      total 216064K, used 19957K [0x00000000d5f80000, 0x00000000e7c00000, 0x0000000100000000)
  eden space 196096K, 0% used [0x00000000d5f80000,0x00000000d5f80000,0x00000000e1f00000)
  from space 19968K, 99% used [0x00000000e1f00000,0x00000000e327d4b8,0x00000000e3280000)
  to   space 24064K, 0% used [0x00000000e6480000,0x00000000e6480000,0x00000000e7c00000)
 ParOldGen       total 94720K, used 25827K [0x0000000081e00000, 0x0000000087a80000, 0x00000000d5f80000)
  object space 94720K, 27% used [0x0000000081e00000,0x0000000083738cf8,0x0000000087a80000)
 Metaspace       used 54053K, capacity 57064K, committed 57344K, reserved 1099776K
  class space    used 7322K, capacity 7885K, committed 7936K, reserved 1048576K
}
Event: 8.400 GC heap before
{Heap before GC invocations=14 (full 2):
 PSYoungGen      total 216064K, used 53535K [0x00000000d5f80000, 0x00000000e7c00000, 0x0000000100000000)
  eden space 196096K, 17% used [0x00000000d5f80000,0x00000000d804aae0,0x00000000e1f00000)
  from space 19968K, 99% used [0x00000000e1f00000,0x00000000e327d4b8,0x00000000e3280000)
  to   space 24064K, 0% used [0x00000000e6480000,0x00000000e6480000,0x00000000e7c00000)
 ParOldGen       total 94720K, used 25827K [0x0000000081e00000, 0x0000000087a80000, 0x00000000d5f80000)
  object space 94720K, 27% used [0x0000000081e00000,0x0000000083738cf8,0x0000000087a80000)
 Metaspace       used 55873K, capacity 58986K, committed 59136K, reserved 1099776K
  class space    used 7565K, capacity 8100K, committed 8192K, reserved 1048576K
Event: 8.419 GC heap after
Heap after GC invocations=14 (full 2):
 PSYoungGen      total 257024K, used 7773K [0x00000000d5f80000, 0x00000000e7680000, 0x0000000100000000)
  eden space 238592K, 0% used [0x00000000d5f80000,0x00000000d5f80000,0x00000000e4880000)
  from space 18432K, 42% used [0x00000000e6480000,0x00000000e6c17640,0x00000000e7680000)
  to   space 23552K, 0% used [0x00000000e4880000,0x00000000e4880000,0x00000000e5f80000)
 ParOldGen       total 94720K, used 40279K [0x0000000081e00000, 0x0000000087a80000, 0x00000000d5f80000)
  object space 94720K, 42% used [0x0000000081e00000,0x0000000084555fc8,0x0000000087a80000)
 Metaspace       used 55873K, capacity 58986K, committed 59136K, reserved 1099776K
  class space    used 7565K, capacity 8100K, committed 8192K, reserved 1048576K
}
Event: 8.419 GC heap before
{Heap before GC invocations=15 (full 3):
 PSYoungGen      total 257024K, used 7773K [0x00000000d5f80000, 0x00000000e7680000, 0x0000000100000000)
  eden space 238592K, 0% used [0x00000000d5f80000,0x00000000d5f80000,0x00000000e4880000)
  from space 18432K, 42% used [0x00000000e6480000,0x00000000e6c17640,0x00000000e7680000)
  to   space 23552K, 0% used [0x00000000e4880000,0x00000000e4880000,0x00000000e5f80000)
 ParOldGen       total 94720K, used 40279K [0x0000000081e00000, 0x0000000087a80000, 0x00000000d5f80000)
  object space 94720K, 42% used [0x0000000081e00000,0x0000000084555fc8,0x0000000087a80000)
 Metaspace       used 55873K, capacity 58986K, committed 59136K, reserved 1099776K
  class space    used 7565K, capacity 8100K, committed 8192K, reserved 1048576K
Event: 8.558 GC heap after
Heap after GC invocations=15 (full 3):
 PSYoungGen      total 257024K, used 0K [0x00000000d5f80000, 0x00000000e7680000, 0x0000000100000000)
  eden space 238592K, 0% used [0x00000000d5f80000,0x00000000d5f80000,0x00000000e4880000)
  from space 18432K, 0% used [0x00000000e6480000,0x00000000e6480000,0x00000000e7680000)
  to   space 23552K, 0% used [0x00000000e4880000,0x00000000e4880000,0x00000000e5f80000)
 ParOldGen       total 141824K, used 34472K [0x0000000081e00000, 0x000000008a880000, 0x00000000d5f80000)
  object space 141824K, 24% used [0x0000000081e00000,0x0000000083faa1c8,0x000000008a880000)
 Metaspace       used 55873K, capacity 58986K, committed 59136K, reserved 1099776K
  class space    used 7565K, capacity 8100K, committed 8192K, reserved 1048576K
}
Event: 263.175 GC heap before
{Heap before GC invocations=16 (full 3):
 PSYoungGen      total 257024K, used 238592K [0x00000000d5f80000, 0x00000000e7680000, 0x0000000100000000)
  eden space 238592K, 100% used [0x00000000d5f80000,0x00000000e4880000,0x00000000e4880000)
  from space 18432K, 0% used [0x00000000e6480000,0x00000000e6480000,0x00000000e7680000)
  to   space 23552K, 0% used [0x00000000e4880000,0x00000000e4880000,0x00000000e5f80000)
 ParOldGen       total 141824K, used 34472K [0x0000000081e00000, 0x000000008a880000, 0x00000000d5f80000)
  object space 141824K, 24% used [0x0000000081e00000,0x0000000083faa1c8,0x000000008a880000)
 Metaspace       used 64550K, capacity 68128K, committed 68480K, reserved 1107968K
  class space    used 8612K, capacity 9222K, committed 9344K, reserved 1048576K
Event: 263.192 GC heap after
Heap after GC invocations=16 (full 3):
 PSYoungGen      total 262144K, used 12551K [0x00000000d5f80000, 0x00000000ea200000, 0x0000000100000000)
  eden space 238592K, 0% used [0x00000000d5f80000,0x00000000d5f80000,0x00000000e4880000)
  from space 23552K, 53% used [0x00000000e4880000,0x00000000e54c1e18,0x00000000e5f80000)
  to   space 23040K, 0% used [0x00000000e8b80000,0x00000000e8b80000,0x00000000ea200000)
 ParOldGen       total 141824K, used 34480K [0x0000000081e00000, 0x000000008a880000, 0x00000000d5f80000)
  object space 141824K, 24% used [0x0000000081e00000,0x0000000083fac1c8,0x000000008a880000)
 Metaspace       used 64550K, capacity 68128K, committed 68480K, reserved 1107968K
  class space    used 8612K, capacity 9222K, committed 9344K, reserved 1048576K
}

Deoptimization events (0 events):
No events

Internal exceptions (10 events):
Event: 275.835 Thread 0x000000005de36800 Exception <a 'java/net/SocketTimeoutException': Read timed out> (0x00000000d6e94468) thrown at [C:\re\workspace\8-2-build-windows-amd64-cygwin\jdk8u91\7017\hotspot\src\share\vm\prims\jni.cpp, line 735]
Event: 290.849 Thread 0x000000005de36800 Exception <a 'java/net/SocketTimeoutException': Read timed out> (0x00000000d6e946f0) thrown at [C:\re\workspace\8-2-build-windows-amd64-cygwin\jdk8u91\7017\hotspot\src\share\vm\prims\jni.cpp, line 735]
Event: 305.849 Thread 0x000000005de36800 Exception <a 'java/net/SocketTimeoutException': Read timed out> (0x00000000d6e94948) thrown at [C:\re\workspace\8-2-build-windows-amd64-cygwin\jdk8u91\7017\hotspot\src\share\vm\prims\jni.cpp, line 735]
Event: 320.864 Thread 0x000000005de36800 Exception <a 'java/net/SocketTimeoutException': Read timed out> (0x00000000d6e94bd0) thrown at [C:\re\workspace\8-2-build-windows-amd64-cygwin\jdk8u91\7017\hotspot\src\share\vm\prims\jni.cpp, line 735]
Event: 335.865 Thread 0x000000005de36800 Exception <a 'java/net/SocketTimeoutException': Read timed out> (0x00000000d6e94e28) thrown at [C:\re\workspace\8-2-build-windows-amd64-cygwin\jdk8u91\7017\hotspot\src\share\vm\prims\jni.cpp, line 735]
Event: 350.878 Thread 0x000000005de36800 Exception <a 'java/net/SocketTimeoutException': Read timed out> (0x00000000d6e950b0) thrown at [C:\re\workspace\8-2-build-windows-amd64-cygwin\jdk8u91\7017\hotspot\src\share\vm\prims\jni.cpp, line 735]
Event: 365.879 Thread 0x000000005de36800 Exception <a 'java/net/SocketTimeoutException': Read timed out> (0x00000000d6e95308) thrown at [C:\re\workspace\8-2-build-windows-amd64-cygwin\jdk8u91\7017\hotspot\src\share\vm\prims\jni.cpp, line 735]
Event: 380.891 Thread 0x000000005de36800 Exception <a 'java/net/SocketTimeoutException': Read timed out> (0x00000000d6e95590) thrown at [C:\re\workspace\8-2-build-windows-amd64-cygwin\jdk8u91\7017\hotspot\src\share\vm\prims\jni.cpp, line 735]
Event: 395.892 Thread 0x000000005de36800 Exception <a 'java/net/SocketTimeoutException': Read timed out> (0x00000000d6e957e8) thrown at [C:\re\workspace\8-2-build-windows-amd64-cygwin\jdk8u91\7017\hotspot\src\share\vm\prims\jni.cpp, line 735]
Event: 410.907 Thread 0x000000005de36800 Exception <a 'java/net/SocketTimeoutException': Read timed out> (0x00000000d6e95a70) thrown at [C:\re\workspace\8-2-build-windows-amd64-cygwin\jdk8u91\7017\hotspot\src\share\vm\prims\jni.cpp, line 735]

Events (10 events):
Event: 418.253 Thread 0x000000005d889800 DEOPT PACKING pc=0x00000000035e659c sp=0x000000005efcd570
Event: 418.253 Thread 0x000000005d889800 DEOPT UNPACKING pc=0x00000000028b787f sp=0x000000005efcd2d8 mode 1
Event: 418.253 Thread 0x000000005d889800 DEOPT PACKING pc=0x0000000002bf5e3c sp=0x000000005efcd600
Event: 418.253 Thread 0x000000005d889800 DEOPT UNPACKING pc=0x00000000028b787f sp=0x000000005efcd328 mode 1
Event: 418.253 Thread 0x000000005d889800 DEOPT PACKING pc=0x0000000002bec1cc sp=0x000000005efcd650
Event: 418.253 Thread 0x000000005d889800 DEOPT UNPACKING pc=0x00000000028b787f sp=0x000000005efcd3e0 mode 1
Event: 418.253 Thread 0x000000005d889800 DEOPT PACKING pc=0x000000000353615c sp=0x000000005efcd710
Event: 418.253 Thread 0x000000005d889800 DEOPT UNPACKING pc=0x00000000028b787f sp=0x000000005efcd4f0 mode 1
Event: 421.421 Executing VM operation: RedefineClasses
Event: 421.453 Executing VM operation: RedefineClasses done


Dynamic libraries:
0x000000013f9f0000 - 0x000000013fa27000 	C:\Program Files\Java\jdk1.8.0_91\bin\javaw.exe
0x0000000076ef0000 - 0x000000007708f000 	C:\Windows\SYSTEM32\ntdll.dll
0x0000000076dd0000 - 0x0000000076eef000 	C:\Windows\system32\kernel32.dll
0x000007fefcd70000 - 0x000007fefcdda000 	C:\Windows\system32\KERNELBASE.dll
0x000007fefcf10000 - 0x000007fefcfeb000 	C:\Windows\system32\ADVAPI32.dll
0x000007fefd2c0000 - 0x000007fefd35f000 	C:\Windows\system32\msvcrt.dll
0x000007fefd860000 - 0x000007fefd87f000 	C:\Windows\SYSTEM32\sechost.dll
0x000007fefea00000 - 0x000007fefeb2d000 	C:\Windows\system32\RPCRT4.dll
0x0000000076cd0000 - 0x0000000076dca000 	C:\Windows\system32\USER32.dll
0x000007fefd950000 - 0x000007fefd9b7000 	C:\Windows\system32\GDI32.dll
0x000007fefeca0000 - 0x000007fefecae000 	C:\Windows\system32\LPK.dll
0x000007fefd880000 - 0x000007fefd94b000 	C:\Windows\system32\USP10.dll
0x000007fefaf70000 - 0x000007fefb164000 	C:\Windows\WinSxS\amd64_microsoft.windows.common-controls_6595b64144ccf1df_6.0.7601.18837_none_fa3b1e3d17594757\COMCTL32.dll
0x000007fefd470000 - 0x000007fefd4e1000 	C:\Windows\system32\SHLWAPI.dll
0x000007fefec10000 - 0x000007fefec3e000 	C:\Windows\system32\IMM32.DLL
0x000007fefce00000 - 0x000007fefcf09000 	C:\Windows\system32\MSCTF.dll
0x000000006d610000 - 0x000000006d6e2000 	C:\Program Files\Java\jdk1.8.0_91\jre\bin\msvcr100.dll
0x00000000676d0000 - 0x0000000067f63000 	C:\Program Files\Java\jdk1.8.0_91\jre\bin\server\jvm.dll
0x000007feee7e0000 - 0x000007feee7e9000 	C:\Windows\system32\WSOCK32.dll
0x000007fefd360000 - 0x000007fefd3ad000 	C:\Windows\system32\WS2_32.dll
0x000007fefe9f0000 - 0x000007fefe9f8000 	C:\Windows\system32\NSI.dll
0x000007fefaab0000 - 0x000007fefaaeb000 	C:\Windows\system32\WINMM.dll
0x000007fefba90000 - 0x000007fefba9c000 	C:\Windows\system32\VERSION.dll
0x0000000077090000 - 0x0000000077097000 	C:\Windows\system32\PSAPI.DLL
0x000000006d7a0000 - 0x000000006d7af000 	C:\Program Files\Java\jdk1.8.0_91\jre\bin\verify.dll
0x0000000068700000 - 0x0000000068729000 	C:\Program Files\Java\jdk1.8.0_91\jre\bin\java.dll
0x000000006d390000 - 0x000000006d3c5000 	C:\Program Files\Java\jdk1.8.0_91\jre\bin\jdwp.dll
0x0000000072cf0000 - 0x0000000072cf8000 	C:\Program Files\Java\jdk1.8.0_91\jre\bin\npt.dll
0x000000006d780000 - 0x000000006d796000 	C:\Program Files\Java\jdk1.8.0_91\jre\bin\zip.dll
0x000007fefdbc0000 - 0x000007fefe94a000 	C:\Windows\system32\SHELL32.dll
0x000007fefd9c0000 - 0x000007fefdbbf000 	C:\Windows\system32\ole32.dll
0x000007fefca50000 - 0x000007fefca5f000 	C:\Windows\system32\profapi.dll
0x000000006ff70000 - 0x000000006ff79000 	C:\Program Files\Java\jdk1.8.0_91\jre\bin\dt_socket.dll
0x000007fefac70000 - 0x000007fefac85000 	C:\Windows\system32\NLAapi.dll
0x000007fef8d30000 - 0x000007fef8d45000 	C:\Windows\system32\napinsp.dll
0x000007fef8d10000 - 0x000007fef8d29000 	C:\Windows\system32\pnrpnsp.dll
0x000007fefc150000 - 0x000007fefc1a5000 	C:\Windows\System32\mswsock.dll
0x000007fefbfd0000 - 0x000007fefc02b000 	C:\Windows\system32\DNSAPI.dll
0x000007fef8d00000 - 0x000007fef8d0b000 	C:\Windows\System32\winrnr.dll
0x0000000071620000 - 0x000000007164e000 	C:\Program Files\Common Files\Microsoft Shared\Windows Live\WLIDNSP.DLL
0x000007fefab10000 - 0x000007fefab37000 	C:\Windows\system32\IPHLPAPI.DLL
0x000007fefab00000 - 0x000007fefab0b000 	C:\Windows\system32\WINNSI.DLL
0x000007fefa980000 - 0x000007fefa9d3000 	C:\Windows\System32\fwpuclnt.dll
0x000007fef7ae0000 - 0x000007fef7ae8000 	C:\Windows\system32\rasadhlp.dll
0x000007fefbab0000 - 0x000007fefbbc4000 	C:\Windows\SysWOW64\ierd_tgp_lsp64.dll
0x000007fefbaa0000 - 0x000007fefbaa3000 	C:\Windows\system32\api-ms-win-core-synch-l1-2-0.DLL
0x000007fefba80000 - 0x000007fefba87000 	C:\Windows\System32\wshtcpip.dll
0x00000000732b0000 - 0x00000000732bd000 	C:\Program Files\Java\jdk1.8.0_91\jre\bin\management.dll
0x000000006a450000 - 0x000000006a46a000 	C:\Program Files\Java\jdk1.8.0_91\jre\bin\net.dll
0x000007fefc140000 - 0x000007fefc147000 	C:\Windows\System32\wship6.dll
0x00000000686e0000 - 0x00000000686f1000 	C:\Program Files\Java\jdk1.8.0_91\jre\bin\nio.dll
0x000007fefc1b0000 - 0x000007fefc1c8000 	C:\Windows\system32\CRYPTSP.dll
0x000007fefbeb0000 - 0x000007fefbef7000 	C:\Windows\system32\rsaenh.dll
0x000007fefcb80000 - 0x000007fefcb9e000 	C:\Windows\system32\USERENV.dll
0x000007fefc8a0000 - 0x000007fefc8af000 	C:\Windows\system32\CRYPTBASE.dll
0x000007fefa910000 - 0x000007fefa921000 	C:\Windows\system32\dhcpcsvc6.DLL
0x000007fefa8f0000 - 0x000007fefa908000 	C:\Windows\system32\dhcpcsvc.DLL
0x000007fef99e0000 - 0x000007fef9b05000 	C:\Windows\system32\dbghelp.dll

VM Arguments:
jvm_args: -agentlib:jdwp=transport=dt_socket,suspend=y,address=localhost:54168 -Dcom.sun.management.jmxremote -Dcom.sun.management.jmxremote.port=54167 -Dcom.sun.management.jmxremote.authenticate=false -Dcom.sun.management.jmxremote.ssl=false -Djava.rmi.server.hostname=localhost -Dspring.liveBeansView.mbeanDomain -Dspring.application.admin.enabled=true -Xverify:none -XX:TieredStopAtLevel=1 -Dfile.encoding=UTF-8 
java_command: com.example.demo.DemoApplication
java_class_path (initial): E:\eclipse-workspace\demo\target\classes;C:\Users\ruixin\.m2\repository\org\springframework\boot\spring-boot-starter\2.1.2.RELEASE\spring-boot-starter-2.1.2.RELEASE.jar;C:\Users\ruixin\.m2\repository\org\springframework\boot\spring-boot\2.1.2.RELEASE\spring-boot-2.1.2.RELEASE.jar;C:\Users\ruixin\.m2\repository\org\springframework\spring-context\5.1.4.RELEASE\spring-context-5.1.4.RELEASE.jar;C:\Users\ruixin\.m2\repository\org\springframework\boot\spring-boot-autoconfigure\2.1.2.RELEASE\spring-boot-autoconfigure-2.1.2.RELEASE.jar;C:\Users\ruixin\.m2\repository\org\springframework\boot\spring-boot-starter-logging\2.1.2.RELEASE\spring-boot-starter-logging-2.1.2.RELEASE.jar;C:\Users\ruixin\.m2\repository\ch\qos\logback\logback-classic\1.2.3\logback-classic-1.2.3.jar;C:\Users\ruixin\.m2\repository\ch\qos\logback\logback-core\1.2.3\logback-core-1.2.3.jar;C:\Users\ruixin\.m2\repository\org\apache\logging\log4j\log4j-to-slf4j\2.11.1\log4j-to-slf4j-2.11.1.jar;C:\Users\ruixin\.m2\repository\org\apache\logging\log4j\log4j-api\2.11.1\log4j-api-2.11.1.jar;C:\Users\ruixin\.m2\repository\org\slf4j\jul-to-slf4j\1.7.25\jul-to-slf4j-1.7.25.jar;C:\Users\ruixin\.m2\repository\javax\annotation\javax.annotation-api\1.3.2\javax.annotation-api-1.3.2.jar;C:\Users\ruixin\.m2\repository\org\springframework\spring-core\5.1.4.RELEASE\spring-core-5.1.4.RELEASE.jar;C:\Users\ruixin\.m2\repository\org\springframework\spring-jcl\5.1.4.RELEASE\spring-jcl-5.1.4.RELEASE.jar;C:\Users\ruixin\.m2\repository\org\yaml\snakeyaml\1.23\snakeyaml-1.23.jar;C:\Users\ruixin\.m2\repository\net\bytebuddy\byte-buddy\1.9.7\byte-buddy-1.9.7.jar;C:\Users\ruixin\.m2\repository\org\springframework\boot\spring-boot-starter-web\2.1.2.RELEASE\spring-boot-starter-web-2.1.2.RELEASE.jar;C:\Users\ruixin\.m2\repository\org\springframework\boot\spring-boot-starter-json\2.1.2.RELEASE\spring-boot-starter-json-2.1.2.RELEASE.jar;C:\Users\ruixin\.m2\repository\com\fasterxml\jackson\core\jackson-databind\2.9.
Launcher Type: SUN_STANDARD

Environment Variables:
JAVA_HOME=C:\Program Files\Java\jdk1.8.0_91
CLASSPATH=.;C:\Program Files\Java\jdk1.8.0_91\lib;C:\Program Files\Java\jdk1.8.0_91\lib\tools.jar
PATH=C:\Program Files\Java\jdk1.8.0_91\jre\bin;C:/Program Files/Java/jdk1.8.0_91/bin/../jre/bin/server;C:/Program Files/Java/jdk1.8.0_91/bin/../jre/bin;C:/Program Files/Java/jdk1.8.0_91/bin/../jre/lib/amd64;C:\Program Files\Common Files\Microsoft Shared\Windows Live;C:\Users\ruixin\Desktop\cxf\apache-cxf-3.0.0-milestone2\bin;D:\oracle\product\10.2.0\client_1\bin;D:\oracle\product\10.2.0\db_1\bin;C:\Windows\system32;C:\Windows;C:\Windows\System32\Wbem;C:\Windows\System32\WindowsPowerShell\v1.0\;C:\Program Files\Java\jdk1.8.0_91\bin;C:\Program Files\nodejs\;C:\Program Files\MySQL\MySQL Server 5.7\bin;D:\hsy\maven\apache-maven-3.5.3\bin;D:\hsy\maven\apache-maven-3.6.0\bin;D:\hsy\maven\apache-maven-3.0.5\bin;c:\Redis\;D:\TortoiseSVN\bin;d:\Git\cmd;C:\Program Files\Common Files\Microsoft Shared\Windows Live;C:\Users\ruixin\AppData\Roaming\npm;D:\hsy\config\eclipse_2;
USERNAME=ruixin
OS=Windows_NT
PROCESSOR_IDENTIFIER=Intel64 Family 6 Model 60 Stepping 3, GenuineIntel



---------------  S Y S T E M  ---------------

OS: Windows 7 , 64 bit Build 7601 (6.1.7601.24335)

CPU:total 4 (4 cores per cpu, 1 threads per core) family 6 model 60 stepping 3, cmov, cx8, fxsr, mmx, sse, sse2, sse3, ssse3, sse4.1, sse4.2, popcnt, avx, avx2, aes, clmul, erms, lzcnt, tsc, tscinvbit, bmi1, bmi2

Memory: 4k page, physical 8262644k(2952684k free), swap 16523384k(10093308k free)

vm_info: Java HotSpot(TM) 64-Bit Server VM (25.91-b15) for windows-amd64 JRE (1.8.0_91-b15), built on May 20 2016 17:43:15 by "java_re" with MS VC++ 10.0 (VS2010)

time: Fri Jan 25 10:35:12 2019
elapsed time: 421 seconds (0d 0h 7m 1s)

